15:26:44.045 [main                     ] DEBUG Logger               - Configured Logger
15:26:44.077 [main                     ] DEBUG GameApplication      - Logging settings
Title: Pong
Version: 1.0
Width: 800
Height: 600
Fullscreen: false
Intro: false
Profiling: false
Single step:false
App Mode: DEBUG
Menu Key: ESCAPE
Stage Style: DECORATED
Scene Factory: class com.almasb.fxgl.app.scene.SceneFactory

15:26:44.788 [JavaFX Application Thread] DEBUG FXGLApplication      - Initializing FXGL
15:26:44.796 [JavaFX Application Thread] INFO  Engine               - FXGL-dev-SNAPSHOT (29.08.2020 12.19) on WINDOWS (J:12 FX:14)
15:26:44.796 [JavaFX Application Thread] DEBUG Engine               - JRE Vendor Name: Oracle Corporation
15:26:44.797 [JavaFX Application Thread] DEBUG Engine               - Running on OS: Windows 10 version 10.0
15:26:44.797 [JavaFX Application Thread] DEBUG Engine               - Architecture: amd64
15:26:44.798 [JavaFX Application Thread] INFO  Engine               - Source code and latest versions at: https://github.com/AlmasB/FXGL
15:26:44.799 [JavaFX Application Thread] INFO  Engine               -              Join the FXGL chat at: https://gitter.im/AlmasB/FXGL
15:26:44.909 [JavaFX Application Thread] DEBUG MainWindow           - Creating a JavaFX scene
15:26:44.980 [JavaFX Application Thread] DEBUG MainWindow           - Target settings size: 800.0 x 600.0
15:26:44.981 [JavaFX Application Thread] DEBUG MainWindow           - Scaled scene size:    800.0 x 600.0
15:26:44.982 [JavaFX Application Thread] DEBUG MainWindow           - Scaled ratio: (1.0, 1.0)
15:26:44.983 [JavaFX Application Thread] DEBUG MainWindow           - Set initial scene to StartupScene
15:26:44.990 [JavaFX Application Thread] DEBUG MainWindow           - Opening main window
15:26:45.117 [JavaFX Application Thread] DEBUG MainWindow           - Window border size: (14.4000244140625, 37.5999755859375)
15:26:45.121 [JavaFX Application Thread] DEBUG MainWindow           - Scaled size: 800.0 x 600.0
15:26:45.128 [JavaFX Application Thread] DEBUG MainWindow           - Scaled ratio: (1.0, 1.0)
15:26:45.131 [JavaFX Application Thread] DEBUG MainWindow           - Scene size: 800.0 x 600.0
15:26:45.132 [JavaFX Application Thread] DEBUG MainWindow           - Stage size: 814.4000244140625 x 637.5999755859375
15:26:45.143 [FXGL Background Thread 1 ] DEBUG Engine               - Initializing environment variables
15:26:45.190 [FXGL Background Thread 1 ] DEBUG GameApplicationServi - Applying CSS: fxgl_dark.css
15:26:45.191 [FXGL Background Thread 1 ] DEBUG FXGLAssetLoaderServi - Loading from file system: /assets/ui/css/fxgl_dark.css
15:26:45.264 [FXGL Background Thread 1 ] DEBUG GameApplicationServi - Initializing application scenes
15:26:45.312 [FXGL Background Thread 1 ] DEBUG GameWorld            - Game world initialized
15:26:45.400 [FXGL Background Thread 1 ] DEBUG PhysicsWorld         - Physics world initialized: appHeight=600, physics.ppm=50.0
15:26:45.408 [FXGL Background Thread 1 ] DEBUG GameScene            - Game scene initialized: 800x600
15:26:45.439 [FXGL Background Thread 1 ] DEBUG FXGLAssetLoaderServi - Loading from file system: /assets/textures/particles/trace_horizontal.png
15:26:45.513 [FXGL Background Thread 1 ] DEBUG FXGL.DefaultMenu     - createMenuBodyGameMenu()
15:26:45.530 [FXGL Background Thread 1 ] DEBUG FXGL.DefaultMenu     - createOptionsMenu()
15:26:45.536 [FXGL Background Thread 1 ] DEBUG FXGLAssetLoaderServi - Loading from file system: /assets/textures/particles/smoke.png
15:26:45.624 [FXGL Background Thread 1 ] DEBUG GameApplicationServi - Application scenes initialized
15:26:45.637 [FXGL Background Thread 1 ] DEBUG SystemBundleService  - Loading FXGL system data
15:26:45.666 [FXGL Background Thread 1 ] DEBUG FileSystemAccess     - Reading from: C:\Users\r2leo\Documents\git\CI628-LW\server\bin\system\fxgl.bundle
15:26:45.693 [FXGL Background Thread 1 ] DEBUG SystemBundleService  - Bundle FXGL: {}
15:26:45.695 [FXGL Background Thread 1 ] DEBUG UpdaterService       - Checking for updates
15:26:45.708 [FXGL Background Thread 4 ] DEBUG FXGLApplication      - Loading fonts
15:26:45.709 [FXGL Background Thread 1 ] DEBUG FXGLApplication      - Loading default localization
15:26:45.709 [FXGL Background Thread 4 ] DEBUG FXGLAssetLoaderServi - Loading from file system: /assets/ui/fonts/pong.ttf
15:26:45.711 [FXGL Background Thread 1 ] DEBUG FXGLAssetLoaderServi - Loading from file system: /assets/languages/english.lang
15:26:45.760 [FXGL Background Thread 1 ] INFO  FXGLApplication      - FXGL initialization took: 0.615 sec
15:26:45.792 [JavaFX Application Thread] DEBUG Input                - Registered new binding: Up1 - W
15:26:45.794 [JavaFX Application Thread] DEBUG Input                - Registered new binding: Down1 - S
15:26:45.800 [JavaFX Application Thread] DEBUG Input                - Registered new binding: Up2 - I
15:26:45.802 [JavaFX Application Thread] DEBUG Input                - Registered new binding: Down2 - K
15:26:45.805 [JavaFX Application Thread] DEBUG FXGLAssetLoaderServi - Loading from file system: /assets/textures/fxgl_icon.png
15:26:45.868 [JavaFX Application Thread] DEBUG FXGLAssetLoaderServi - Loading from file system: /assets/ui/cursors/fxgl_default.png
15:26:45.874 [JavaFX Application Thread] DEBUG Input                - Registered new binding: Screenshot - P
15:26:45.875 [JavaFX Application Thread] DEBUG Input                - Registered new binding: System info dump - CTRL+9
15:26:45.876 [JavaFX Application Thread] DEBUG Input                - Registered new binding: Restart - CTRL+R
15:26:45.878 [JavaFX Application Thread] DEBUG Input                - Registered new binding: Toggle Debug Camera - CTRL+C
15:26:45.881 [JavaFX Application Thread] DEBUG LoopRunner           - Starting loop
15:26:45.883 [JavaFX Application Thread] DEBUG GameApplicationServi - Starting new game
15:26:45.884 [JavaFX Application Thread] DEBUG Input                - Clearing active input actions
15:26:45.907 [JavaFX Application Thread] DEBUG GameApplicationServi - Removing overlay from StartupScene and adding to FXGLLoadingScene
15:26:45.909 [JavaFX Application Thread] DEBUG MainWindow           - StartupScene -> FXGLLoadingScene
15:26:45.911 [JavaFX Application Thread] DEBUG GameApplicationServi - Clearing previous game
15:26:45.912 [JavaFX Application Thread] DEBUG GameScene            - Clearing game scene
15:26:45.913 [JavaFX Application Thread] DEBUG GameWorld            - Clearing game world
15:26:45.914 [JavaFX Application Thread] DEBUG PhysicsWorld         - Clearing physics world
15:26:45.917 [FXGL Background Thread 1 ] DEBUG FXGLApplication      - Initializing game
15:26:45.989 [FXGL Background Thread 1 ] DEBUG FXGLAssetLoaderServi - Loading from file system: /assets/ui/main.fxml
15:26:45.996 [Thread-3                 ] DEBUG TCPServer            - Starting to listen at: 55555 type: class java.lang.String
15:26:46.081 [FXGL Background Thread 1 ] INFO  FXGLApplication      - Game initialization took: 0.163 sec
15:26:46.099 [JavaFX Application Thread] DEBUG Input                - Clearing active input actions
15:26:46.129 [JavaFX Application Thread] DEBUG GameApplicationServi - Removing overlay from FXGLLoadingScene and adding to GameScene
15:26:46.133 [JavaFX Application Thread] DEBUG MainWindow           - FXGLLoadingScene -> GameScene
15:26:46.322 [FXGL Background Thread 4 ] DEBUG FXGLAssetLoaderServi - Loading from file system: /assets/ui/fonts/Abel-Regular.ttf
15:26:46.341 [FXGL Background Thread 4 ] DEBUG FXGLAssetLoaderServi - Loading from file system: /assets/ui/fonts/lucida_console.ttf
15:26:46.370 [FXGL Background Thread 4 ] DEBUG FXGLAssetLoaderServi - Loading from file system: /assets/ui/fonts/Courier-Prime.ttf
15:26:46.396 [JavaFX Application Thread] DEBUG FXGLApplication      - Registering font factories with UI factory
15:26:46.545 [FXGL Background Thread 2 ] WARN  UpdaterService       - Failed to find updates: javax.net.ssl.SSLHandshakeException: Received fatal alert: handshake_failure
15:26:48.706 [FXGL Background Thread 3 ] DEBUG Engine               - Logging environment variables
15:26:48.708 [FXGL Background Thread 3 ] DEBUG Engine               - achievements: []
15:26:48.708 [FXGL Background Thread 3 ] DEBUG Engine               - appIcon: fxgl_icon.png
15:26:48.709 [FXGL Background Thread 3 ] DEBUG Engine               - applicationMode: DEBUG
15:26:48.711 [FXGL Background Thread 3 ] DEBUG Engine               - cSSList: [fxgl_dark.css]
15:26:48.714 [FXGL Background Thread 3 ] DEBUG Engine               - configClass: Optional.empty
15:26:48.715 [FXGL Background Thread 3 ] DEBUG Engine               - credits: []
15:26:48.718 [FXGL Background Thread 3 ] DEBUG Engine               - devBBoxColorProperty: ObjectProperty [value: 0xff0000ff]
15:26:48.721 [FXGL Background Thread 3 ] DEBUG Engine               - devEnableDebugCameraProperty: BooleanProperty [value: false]
15:26:48.723 [FXGL Background Thread 3 ] DEBUG Engine               - devSensorColorProperty: ObjectProperty [value: 0xffff00ff]
15:26:48.727 [FXGL Background Thread 3 ] DEBUG Engine               - devShowBBoxProperty: BooleanProperty [value: false]
15:26:48.735 [FXGL Background Thread 3 ] DEBUG Engine               - devShowPositionProperty: BooleanProperty [value: false]
15:26:48.741 [FXGL Background Thread 3 ] DEBUG Engine               - enabledMenuItems: []
15:26:48.744 [FXGL Background Thread 3 ] DEBUG Engine               - engineServices: [class com.almasb.fxgl.app.FXGLApplication$GameApplicationService, class com.almasb.fxgl.app.services.FXGLDialogService, class com.almasb.fxgl.app.services.IOTaskExecutorService, class com.almasb.fxgl.event.EventBusService, class com.almasb.fxgl.io.FileSystemService, class com.almasb.fxgl.localization.LocalizationService, class com.almasb.fxgl.app.services.FXGLAssetLoaderService, class com.almasb.fxgl.app.services.SystemBundleService, class com.almasb.fxgl.profile.SaveLoadService, class com.almasb.fxgl.ui.FXGLUIFactoryServiceProvider, class com.almasb.fxgl.ui.FXGLDialogFactoryServiceProvider, class com.almasb.fxgl.audio.AudioPlayer, class com.almasb.fxgl.notification.impl.NotificationServiceProvider, class com.almasb.fxgl.achievement.AchievementService, class com.almasb.fxgl.cutscene.CutsceneService, class com.almasb.fxgl.minigames.MiniGameService, class com.almasb.fxgl.net.NetService, class com.almasb.fxgl.app.services.UpdaterService, class com.almasb.fxgl.dev.DevService]
15:26:48.750 [FXGL Background Thread 3 ] DEBUG Engine               - fontGame: Abel-Regular.ttf
15:26:48.754 [FXGL Background Thread 3 ] DEBUG Engine               - fontMono: lucida_console.ttf
15:26:48.756 [FXGL Background Thread 3 ] DEBUG Engine               - fontText: Courier-Prime.ttf
15:26:48.756 [FXGL Background Thread 3 ] DEBUG Engine               - fontUI: pong.ttf
15:26:48.761 [FXGL Background Thread 3 ] DEBUG Engine               - fullScreen: BooleanProperty [value: false]
15:26:48.762 [FXGL Background Thread 3 ] DEBUG Engine               - gameDifficulty: MEDIUM
15:26:48.765 [FXGL Background Thread 3 ] DEBUG Engine               - gameDifficultyProperty: ObjectProperty [value: MEDIUM]
15:26:48.769 [FXGL Background Thread 3 ] DEBUG Engine               - globalMusicVolume: 0.5
15:26:48.770 [FXGL Background Thread 3 ] DEBUG Engine               - globalMusicVolumeProperty: DoubleProperty [value: 0.5]
15:26:48.777 [FXGL Background Thread 3 ] DEBUG Engine               - globalSoundVolume: 0.5
15:26:48.784 [FXGL Background Thread 3 ] DEBUG Engine               - globalSoundVolumeProperty: DoubleProperty [value: 0.5]
15:26:48.790 [FXGL Background Thread 3 ] DEBUG Engine               - height: 600
15:26:48.793 [FXGL Background Thread 3 ] DEBUG Engine               - isAndroid: false
15:26:48.796 [FXGL Background Thread 3 ] DEBUG Engine               - isBrowser: false
15:26:48.802 [FXGL Background Thread 3 ] DEBUG Engine               - isClickFeedbackEnabled: false
15:26:48.805 [FXGL Background Thread 3 ] DEBUG Engine               - isCloseConfirmation: false
15:26:48.806 [FXGL Background Thread 3 ] DEBUG Engine               - isDesktop: true
15:26:48.812 [FXGL Background Thread 3 ] DEBUG Engine               - isDeveloperMenuEnabled: false
15:26:48.815 [FXGL Background Thread 3 ] DEBUG Engine               - isEntityPreloadEnabled: true
15:26:48.817 [FXGL Background Thread 3 ] DEBUG Engine               - isExperimentalNative: false
15:26:48.818 [FXGL Background Thread 3 ] DEBUG Engine               - isExperimentalTiledLargeMap: false
15:26:48.819 [FXGL Background Thread 3 ] DEBUG Engine               - isFileSystemWriteAllowed: true
15:26:48.824 [FXGL Background Thread 3 ] DEBUG Engine               - isFullScreenAllowed: false
15:26:48.827 [FXGL Background Thread 3 ] DEBUG Engine               - isFullScreenFromStart: false
15:26:48.829 [FXGL Background Thread 3 ] DEBUG Engine               - isGameMenuEnabled: true
15:26:48.833 [FXGL Background Thread 3 ] DEBUG Engine               - isIOS: false
15:26:48.836 [FXGL Background Thread 3 ] DEBUG Engine               - isIntroEnabled: false
15:26:48.837 [FXGL Background Thread 3 ] DEBUG Engine               - isLinux: false
15:26:48.840 [FXGL Background Thread 3 ] DEBUG Engine               - isMac: false
15:26:48.841 [FXGL Background Thread 3 ] DEBUG Engine               - isMainMenuEnabled: false
15:26:48.842 [FXGL Background Thread 3 ] DEBUG Engine               - isManualResizeEnabled: false
15:26:48.845 [FXGL Background Thread 3 ] DEBUG Engine               - isMobile: false
15:26:48.847 [FXGL Background Thread 3 ] DEBUG Engine               - isPreserveResizeRatio: false
15:26:48.848 [FXGL Background Thread 3 ] DEBUG Engine               - isProfilingEnabled: false
15:26:48.849 [FXGL Background Thread 3 ] DEBUG Engine               - isSingleStep: false
15:26:48.856 [FXGL Background Thread 3 ] DEBUG Engine               - isUserProfileEnabled: false
15:26:48.860 [FXGL Background Thread 3 ] DEBUG Engine               - isWindows: true
15:26:48.861 [FXGL Background Thread 3 ] DEBUG Engine               - language: ObjectProperty [value: ENGLISH]
15:26:48.862 [FXGL Background Thread 3 ] DEBUG Engine               - menuKey: ESCAPE
15:26:48.867 [FXGL Background Thread 3 ] DEBUG Engine               - notificationViewClass: class com.almasb.fxgl.notification.view.XboxNotificationView
15:26:48.873 [FXGL Background Thread 3 ] DEBUG Engine               - pixelsPerMeter: 50.0
15:26:48.874 [FXGL Background Thread 3 ] DEBUG Engine               - platform: WINDOWS
15:26:48.879 [FXGL Background Thread 3 ] DEBUG Engine               - profileDir: profiles/
15:26:48.884 [FXGL Background Thread 3 ] DEBUG Engine               - profileName: StringProperty [value: DEFAULT]
15:26:48.885 [FXGL Background Thread 3 ] DEBUG Engine               - randomSeed: -1
15:26:48.888 [FXGL Background Thread 3 ] DEBUG Engine               - runtimeInfo: RuntimeInfo(platform=WINDOWS, version=dev-SNAPSHOT, build=29.08.2020 12.19)
15:26:48.894 [FXGL Background Thread 3 ] DEBUG Engine               - saveFileExt: sav
15:26:48.895 [FXGL Background Thread 3 ] DEBUG Engine               - sceneFactory: com.almasb.fxgl.app.scene.SceneFactory@176d3828
15:26:48.896 [FXGL Background Thread 3 ] DEBUG Engine               - secondsIn24h: 60
15:26:48.900 [FXGL Background Thread 3 ] DEBUG Engine               - soundMenuBack: menu/back.wav
15:26:48.904 [FXGL Background Thread 3 ] DEBUG Engine               - soundMenuPress: menu/press.wav
15:26:48.906 [FXGL Background Thread 3 ] DEBUG Engine               - soundMenuSelect: menu/select.wav
15:26:48.907 [FXGL Background Thread 3 ] DEBUG Engine               - soundNotification: core/notification.wav
15:26:48.908 [FXGL Background Thread 3 ] DEBUG Engine               - stageStyle: DECORATED
15:26:48.909 [FXGL Background Thread 3 ] DEBUG Engine               - supportedLanguages: [ENGLISH, FRENCH, GERMAN, HUNGARIAN, RUSSIAN]
15:26:48.914 [FXGL Background Thread 3 ] DEBUG Engine               - title: Pong
15:26:48.920 [FXGL Background Thread 3 ] DEBUG Engine               - urlGithub: https://github.com/AlmasB/FXGL
15:26:48.921 [FXGL Background Thread 3 ] DEBUG Engine               - urlLeaderboard: http://fxgl-top.herokuapp.com/
15:26:48.922 [FXGL Background Thread 3 ] DEBUG Engine               - urlPOM: https://raw.githubusercontent.com/AlmasB/FXGL/master/pom.xml
15:26:48.924 [FXGL Background Thread 3 ] DEBUG Engine               - version: 1.0
15:26:48.927 [FXGL Background Thread 3 ] DEBUG Engine               - versionCheckDays: 7
15:26:48.927 [FXGL Background Thread 3 ] DEBUG Engine               - width: 800
15:26:48.931 [FXGL Background Thread 3 ] DEBUG Engine               - Logging services
15:26:48.932 [FXGL Background Thread 3 ] DEBUG Engine               - class com.almasb.fxgl.app.FXGLApplication$GameApplicationService
15:26:48.937 [FXGL Background Thread 3 ] DEBUG Engine               - class com.almasb.fxgl.app.services.FXGLDialogService
15:26:48.939 [FXGL Background Thread 3 ] DEBUG Engine               - class com.almasb.fxgl.app.services.IOTaskExecutorService
15:26:48.941 [FXGL Background Thread 3 ] DEBUG Engine               - class com.almasb.fxgl.event.EventBusService
15:26:48.942 [FXGL Background Thread 3 ] DEBUG Engine               - class com.almasb.fxgl.io.FileSystemService
15:26:48.945 [FXGL Background Thread 3 ] DEBUG Engine               - class com.almasb.fxgl.localization.LocalizationService
15:26:48.949 [FXGL Background Thread 3 ] DEBUG Engine               - class com.almasb.fxgl.app.services.FXGLAssetLoaderService
15:26:48.951 [FXGL Background Thread 3 ] DEBUG Engine               - class com.almasb.fxgl.app.services.SystemBundleService
15:26:48.955 [FXGL Background Thread 3 ] DEBUG Engine               - class com.almasb.fxgl.profile.SaveLoadService
15:26:48.956 [FXGL Background Thread 3 ] DEBUG Engine               - class com.almasb.fxgl.ui.FXGLUIFactoryServiceProvider
15:26:48.957 [FXGL Background Thread 3 ] DEBUG Engine               - class com.almasb.fxgl.ui.FXGLDialogFactoryServiceProvider
15:26:48.964 [FXGL Background Thread 3 ] DEBUG Engine               - class com.almasb.fxgl.audio.AudioPlayer
15:26:48.965 [FXGL Background Thread 3 ] DEBUG Engine               - class com.almasb.fxgl.notification.impl.NotificationServiceProvider
15:26:48.967 [FXGL Background Thread 3 ] DEBUG Engine               - class com.almasb.fxgl.achievement.AchievementService
15:26:48.968 [FXGL Background Thread 3 ] DEBUG Engine               - class com.almasb.fxgl.cutscene.CutsceneService
15:26:48.970 [FXGL Background Thread 3 ] DEBUG Engine               - class com.almasb.fxgl.minigames.MiniGameService
15:26:48.971 [FXGL Background Thread 3 ] DEBUG Engine               - class com.almasb.fxgl.net.NetService
15:26:48.972 [FXGL Background Thread 3 ] DEBUG Engine               - class com.almasb.fxgl.app.services.UpdaterService
15:26:48.972 [FXGL Background Thread 3 ] DEBUG Engine               - class com.almasb.fxgl.dev.DevService
15:27:18.953 [Thread-3                 ] DEBUG Endpoint             - TCPServer opening new connection (1) from /127.0.0.1:57307 type: class java.lang.String
15:27:18.967 [Thread-3                 ] DEBUG Endpoint             - TCPServer successfully opened connection (1)
15:27:18.983 [TCPServer_SendThread-1   ] DEBUG Writers              - Getting MessageWriter for TCP-class java.lang.String
15:27:18.982 [TCPServer_RecvThread-1   ] DEBUG Readers              - Getting MessageReader for class java.lang.String
15:27:18.987 [TCPServer_SendThread-1   ] DEBUG Writers              - Constructed MessageWriter for class java.lang.String: 
15:27:19.002 [TCPServer_RecvThread-1   ] DEBUG Readers              - Constructed MessageReader for class java.lang.String: MessageReaderS
15:27:22.124 [JavaFX Application Thread] DEBUG Input                - Mocking key press: W
15:27:22.405 [JavaFX Application Thread] DEBUG Input                - Mocking key release: W
15:27:22.574 [JavaFX Application Thread] DEBUG Input                - Mocking key press: W
15:27:22.924 [JavaFX Application Thread] DEBUG Input                - Mocking key release: W
15:27:27.267 [JavaFX Application Thread] DEBUG Input                - Mocking key press: W
15:27:27.593 [JavaFX Application Thread] DEBUG Input                - Mocking key release: W
15:27:29.331 [JavaFX Application Thread] DEBUG Input                - Mocking key press: W
15:27:29.655 [JavaFX Application Thread] DEBUG Input                - Mocking key release: W
15:27:36.428 [JavaFX Application Thread] DEBUG Input                - Mocking key press: W
15:27:37.297 [JavaFX Application Thread] DEBUG Input                - Mocking key release: W
15:27:38.646 [JavaFX Application Thread] DEBUG Input                - Mocking key press: W
15:27:38.948 [JavaFX Application Thread] DEBUG Input                - Mocking key release: W
15:27:39.973 [JavaFX Application Thread] DEBUG Input                - Mocking key press: W
15:27:40.280 [JavaFX Application Thread] DEBUG Input                - Mocking key release: W
15:27:43.412 [JavaFX Application Thread] DEBUG Input                - Mocking key press: W
15:27:43.873 [JavaFX Application Thread] DEBUG Input                - Mocking key release: W
15:28:04.961 [JavaFX Application Thread] DEBUG FXGLApplication      - Exiting FXGL
15:28:04.963 [JavaFX Application Thread] DEBUG LoopRunner           - Stopping loop
15:28:04.965 [JavaFX Application Thread] DEBUG SystemBundleService  - Saving FXGL system data
15:28:04.972 [JavaFX Application Thread] DEBUG FileSystemAccess     - Writing to: C:\Users\r2leo\Documents\git\CI628-LW\server\bin\system\fxgl.bundle
15:28:04.982 [JavaFX Application Thread] DEBUG Async                - Shutting down background threads
15:28:04.983 [JavaFX Application Thread] DEBUG MainWindow           - Closing main window
15:28:05.029 [JavaFX Application Thread] DEBUG Logger               - Closing Logger
