15:28:10.943 [main                     ] DEBUG Logger               - Configured Logger
15:28:10.971 [main                     ] DEBUG GameApplication      - Logging settings
Title: Pong
Version: 1.0
Width: 800
Height: 600
Fullscreen: false
Intro: false
Profiling: false
Single step:false
App Mode: DEBUG
Menu Key: ESCAPE
Stage Style: DECORATED
Scene Factory: class com.almasb.fxgl.app.scene.SceneFactory

15:28:11.625 [JavaFX Application Thread] DEBUG FXGLApplication      - Initializing FXGL
15:28:11.632 [JavaFX Application Thread] INFO  Engine               - FXGL-dev-SNAPSHOT (29.08.2020 12.19) on WINDOWS (J:12 FX:14)
15:28:11.632 [JavaFX Application Thread] DEBUG Engine               - JRE Vendor Name: Oracle Corporation
15:28:11.633 [JavaFX Application Thread] DEBUG Engine               - Running on OS: Windows 10 version 10.0
15:28:11.634 [JavaFX Application Thread] DEBUG Engine               - Architecture: amd64
15:28:11.634 [JavaFX Application Thread] INFO  Engine               - Source code and latest versions at: https://github.com/AlmasB/FXGL
15:28:11.635 [JavaFX Application Thread] INFO  Engine               -              Join the FXGL chat at: https://gitter.im/AlmasB/FXGL
15:28:11.745 [JavaFX Application Thread] DEBUG MainWindow           - Creating a JavaFX scene
15:28:11.823 [JavaFX Application Thread] DEBUG MainWindow           - Target settings size: 800.0 x 600.0
15:28:11.824 [JavaFX Application Thread] DEBUG MainWindow           - Scaled scene size:    800.0 x 600.0
15:28:11.824 [JavaFX Application Thread] DEBUG MainWindow           - Scaled ratio: (1.0, 1.0)
15:28:11.826 [JavaFX Application Thread] DEBUG MainWindow           - Set initial scene to StartupScene
15:28:11.833 [JavaFX Application Thread] DEBUG MainWindow           - Opening main window
15:28:11.958 [JavaFX Application Thread] DEBUG MainWindow           - Window border size: (14.4000244140625, 37.5999755859375)
15:28:11.962 [JavaFX Application Thread] DEBUG MainWindow           - Scaled size: 800.0 x 600.0
15:28:11.964 [JavaFX Application Thread] DEBUG MainWindow           - Scaled ratio: (1.0, 1.0)
15:28:11.970 [JavaFX Application Thread] DEBUG MainWindow           - Scene size: 800.0 x 600.0
15:28:11.974 [JavaFX Application Thread] DEBUG MainWindow           - Stage size: 814.4000244140625 x 637.5999755859375
15:28:11.982 [FXGL Background Thread 1 ] DEBUG Engine               - Initializing environment variables
15:28:12.028 [FXGL Background Thread 1 ] DEBUG GameApplicationServi - Applying CSS: fxgl_dark.css
15:28:12.030 [FXGL Background Thread 1 ] DEBUG FXGLAssetLoaderServi - Loading from file system: /assets/ui/css/fxgl_dark.css
15:28:12.099 [FXGL Background Thread 1 ] DEBUG GameApplicationServi - Initializing application scenes
15:28:12.152 [FXGL Background Thread 1 ] DEBUG GameWorld            - Game world initialized
15:28:12.243 [FXGL Background Thread 1 ] DEBUG PhysicsWorld         - Physics world initialized: appHeight=600, physics.ppm=50.0
15:28:12.247 [FXGL Background Thread 1 ] DEBUG GameScene            - Game scene initialized: 800x600
15:28:12.286 [FXGL Background Thread 1 ] DEBUG FXGLAssetLoaderServi - Loading from file system: /assets/textures/particles/trace_horizontal.png
15:28:12.359 [FXGL Background Thread 1 ] DEBUG FXGL.DefaultMenu     - createMenuBodyGameMenu()
15:28:12.377 [FXGL Background Thread 1 ] DEBUG FXGL.DefaultMenu     - createOptionsMenu()
15:28:12.384 [FXGL Background Thread 1 ] DEBUG FXGLAssetLoaderServi - Loading from file system: /assets/textures/particles/smoke.png
15:28:12.498 [FXGL Background Thread 1 ] DEBUG GameApplicationServi - Application scenes initialized
15:28:12.512 [FXGL Background Thread 1 ] DEBUG SystemBundleService  - Loading FXGL system data
15:28:12.518 [FXGL Background Thread 1 ] DEBUG FileSystemAccess     - Reading from: C:\Users\r2leo\Documents\git\CI628-LW\server\bin\system\fxgl.bundle
15:28:12.527 [FXGL Background Thread 1 ] DEBUG SystemBundleService  - Bundle FXGL: {}
15:28:12.528 [FXGL Background Thread 1 ] DEBUG UpdaterService       - Checking for updates
15:28:12.533 [FXGL Background Thread 4 ] DEBUG FXGLApplication      - Loading fonts
15:28:12.534 [FXGL Background Thread 1 ] DEBUG FXGLApplication      - Loading default localization
15:28:12.534 [FXGL Background Thread 4 ] DEBUG FXGLAssetLoaderServi - Loading from file system: /assets/ui/fonts/pong.ttf
15:28:12.536 [FXGL Background Thread 1 ] DEBUG FXGLAssetLoaderServi - Loading from file system: /assets/languages/english.lang
15:28:12.558 [FXGL Background Thread 1 ] INFO  FXGLApplication      - FXGL initialization took: 0.576 sec
15:28:12.574 [JavaFX Application Thread] DEBUG Input                - Registered new binding: Up1 - W
15:28:12.574 [JavaFX Application Thread] DEBUG Input                - Registered new binding: Down1 - S
15:28:12.575 [JavaFX Application Thread] DEBUG Input                - Registered new binding: Up2 - I
15:28:12.578 [JavaFX Application Thread] DEBUG Input                - Registered new binding: Down2 - K
15:28:12.579 [JavaFX Application Thread] DEBUG FXGLAssetLoaderServi - Loading from file system: /assets/textures/fxgl_icon.png
15:28:12.622 [JavaFX Application Thread] DEBUG FXGLAssetLoaderServi - Loading from file system: /assets/ui/cursors/fxgl_default.png
15:28:12.626 [JavaFX Application Thread] DEBUG Input                - Registered new binding: Screenshot - P
15:28:12.628 [JavaFX Application Thread] DEBUG Input                - Registered new binding: System info dump - CTRL+9
15:28:12.629 [JavaFX Application Thread] DEBUG Input                - Registered new binding: Restart - CTRL+R
15:28:12.631 [JavaFX Application Thread] DEBUG Input                - Registered new binding: Toggle Debug Camera - CTRL+C
15:28:12.636 [JavaFX Application Thread] DEBUG LoopRunner           - Starting loop
15:28:12.638 [JavaFX Application Thread] DEBUG GameApplicationServi - Starting new game
15:28:12.639 [JavaFX Application Thread] DEBUG Input                - Clearing active input actions
15:28:12.657 [JavaFX Application Thread] DEBUG GameApplicationServi - Removing overlay from StartupScene and adding to FXGLLoadingScene
15:28:12.658 [JavaFX Application Thread] DEBUG MainWindow           - StartupScene -> FXGLLoadingScene
15:28:12.661 [JavaFX Application Thread] DEBUG GameApplicationServi - Clearing previous game
15:28:12.664 [JavaFX Application Thread] DEBUG GameScene            - Clearing game scene
15:28:12.668 [JavaFX Application Thread] DEBUG GameWorld            - Clearing game world
15:28:12.669 [JavaFX Application Thread] DEBUG PhysicsWorld         - Clearing physics world
15:28:12.674 [FXGL Background Thread 1 ] DEBUG FXGLApplication      - Initializing game
15:28:12.739 [FXGL Background Thread 1 ] DEBUG FXGLAssetLoaderServi - Loading from file system: /assets/ui/main.fxml
15:28:12.745 [Thread-3                 ] DEBUG TCPServer            - Starting to listen at: 55555 type: class java.lang.String
15:28:12.842 [FXGL Background Thread 1 ] INFO  FXGLApplication      - Game initialization took: 0.169 sec
15:28:12.874 [JavaFX Application Thread] DEBUG Input                - Clearing active input actions
15:28:12.904 [JavaFX Application Thread] DEBUG GameApplicationServi - Removing overlay from FXGLLoadingScene and adding to GameScene
15:28:12.909 [JavaFX Application Thread] DEBUG MainWindow           - FXGLLoadingScene -> GameScene
15:28:13.084 [FXGL Background Thread 4 ] DEBUG FXGLAssetLoaderServi - Loading from file system: /assets/ui/fonts/Abel-Regular.ttf
15:28:13.110 [FXGL Background Thread 4 ] DEBUG FXGLAssetLoaderServi - Loading from file system: /assets/ui/fonts/lucida_console.ttf
15:28:13.146 [FXGL Background Thread 4 ] DEBUG FXGLAssetLoaderServi - Loading from file system: /assets/ui/fonts/Courier-Prime.ttf
15:28:13.172 [JavaFX Application Thread] DEBUG FXGLApplication      - Registering font factories with UI factory
15:28:13.305 [FXGL Background Thread 2 ] WARN  UpdaterService       - Failed to find updates: javax.net.ssl.SSLHandshakeException: Received fatal alert: handshake_failure
15:28:14.127 [JavaFX Application Thread] DEBUG FXGLApplication      - Exiting FXGL
15:28:14.128 [JavaFX Application Thread] DEBUG LoopRunner           - Stopping loop
15:28:14.129 [JavaFX Application Thread] DEBUG SystemBundleService  - Saving FXGL system data
15:28:14.131 [JavaFX Application Thread] DEBUG FileSystemAccess     - Writing to: C:\Users\r2leo\Documents\git\CI628-LW\server\bin\system\fxgl.bundle
15:28:14.136 [JavaFX Application Thread] DEBUG Async                - Shutting down background threads
15:28:14.136 [JavaFX Application Thread] DEBUG MainWindow           - Closing main window
15:28:14.157 [JavaFX Application Thread] DEBUG Logger               - Closing Logger
