15:28:58.663 [main                     ] DEBUG Logger               - Configured Logger
15:28:58.699 [main                     ] DEBUG GameApplication      - Logging settings
Title: Pong
Version: 1.0
Width: 800
Height: 600
Fullscreen: false
Intro: false
Profiling: false
Single step:false
App Mode: DEBUG
Menu Key: ESCAPE
Stage Style: DECORATED
Scene Factory: class com.almasb.fxgl.app.scene.SceneFactory

15:28:59.366 [JavaFX Application Thread] DEBUG FXGLApplication      - Initializing FXGL
15:28:59.374 [JavaFX Application Thread] INFO  Engine               - FXGL-dev-SNAPSHOT (29.08.2020 12.19) on WINDOWS (J:12 FX:14)
15:28:59.375 [JavaFX Application Thread] DEBUG Engine               - JRE Vendor Name: Oracle Corporation
15:28:59.375 [JavaFX Application Thread] DEBUG Engine               - Running on OS: Windows 10 version 10.0
15:28:59.376 [JavaFX Application Thread] DEBUG Engine               - Architecture: amd64
15:28:59.377 [JavaFX Application Thread] INFO  Engine               - Source code and latest versions at: https://github.com/AlmasB/FXGL
15:28:59.377 [JavaFX Application Thread] INFO  Engine               -              Join the FXGL chat at: https://gitter.im/AlmasB/FXGL
15:28:59.501 [JavaFX Application Thread] DEBUG MainWindow           - Creating a JavaFX scene
15:28:59.583 [JavaFX Application Thread] DEBUG MainWindow           - Target settings size: 800.0 x 600.0
15:28:59.584 [JavaFX Application Thread] DEBUG MainWindow           - Scaled scene size:    800.0 x 600.0
15:28:59.585 [JavaFX Application Thread] DEBUG MainWindow           - Scaled ratio: (1.0, 1.0)
15:28:59.586 [JavaFX Application Thread] DEBUG MainWindow           - Set initial scene to StartupScene
15:28:59.595 [JavaFX Application Thread] DEBUG MainWindow           - Opening main window
15:28:59.744 [JavaFX Application Thread] DEBUG MainWindow           - Window border size: (14.4000244140625, 37.5999755859375)
15:28:59.748 [JavaFX Application Thread] DEBUG MainWindow           - Scaled size: 800.0 x 600.0
15:28:59.753 [JavaFX Application Thread] DEBUG MainWindow           - Scaled ratio: (1.0, 1.0)
15:28:59.758 [JavaFX Application Thread] DEBUG MainWindow           - Scene size: 800.0 x 600.0
15:28:59.759 [JavaFX Application Thread] DEBUG MainWindow           - Stage size: 814.4000244140625 x 637.5999755859375
15:28:59.769 [FXGL Background Thread 1 ] DEBUG Engine               - Initializing environment variables
15:28:59.817 [FXGL Background Thread 1 ] DEBUG GameApplicationServi - Applying CSS: fxgl_dark.css
15:28:59.819 [FXGL Background Thread 1 ] DEBUG FXGLAssetLoaderServi - Loading from file system: /assets/ui/css/fxgl_dark.css
15:28:59.900 [FXGL Background Thread 1 ] DEBUG GameApplicationServi - Initializing application scenes
15:28:59.957 [FXGL Background Thread 1 ] DEBUG GameWorld            - Game world initialized
15:29:00.058 [FXGL Background Thread 1 ] DEBUG PhysicsWorld         - Physics world initialized: appHeight=600, physics.ppm=50.0
15:29:00.062 [FXGL Background Thread 1 ] DEBUG GameScene            - Game scene initialized: 800x600
15:29:00.094 [FXGL Background Thread 1 ] DEBUG FXGLAssetLoaderServi - Loading from file system: /assets/textures/particles/trace_horizontal.png
15:29:00.165 [FXGL Background Thread 1 ] DEBUG FXGL.DefaultMenu     - createMenuBodyGameMenu()
15:29:00.186 [FXGL Background Thread 1 ] DEBUG FXGL.DefaultMenu     - createOptionsMenu()
15:29:00.194 [FXGL Background Thread 1 ] DEBUG FXGLAssetLoaderServi - Loading from file system: /assets/textures/particles/smoke.png
15:29:00.310 [FXGL Background Thread 1 ] DEBUG GameApplicationServi - Application scenes initialized
15:29:00.334 [FXGL Background Thread 1 ] DEBUG SystemBundleService  - Loading FXGL system data
15:29:00.342 [FXGL Background Thread 1 ] DEBUG FileSystemAccess     - Reading from: C:\Users\r2leo\Documents\git\CI628-LW\server\bin\system\fxgl.bundle
15:29:00.358 [FXGL Background Thread 1 ] DEBUG SystemBundleService  - Bundle FXGL: {}
15:29:00.359 [FXGL Background Thread 1 ] DEBUG UpdaterService       - Checking for updates
15:29:00.366 [FXGL Background Thread 4 ] DEBUG FXGLApplication      - Loading fonts
15:29:00.366 [FXGL Background Thread 1 ] DEBUG FXGLApplication      - Loading default localization
15:29:00.366 [FXGL Background Thread 4 ] DEBUG FXGLAssetLoaderServi - Loading from file system: /assets/ui/fonts/pong.ttf
15:29:00.371 [FXGL Background Thread 1 ] DEBUG FXGLAssetLoaderServi - Loading from file system: /assets/languages/english.lang
15:29:00.396 [FXGL Background Thread 1 ] INFO  FXGLApplication      - FXGL initialization took: 0.627 sec
15:29:00.417 [JavaFX Application Thread] DEBUG Input                - Registered new binding: Up1 - W
15:29:00.418 [JavaFX Application Thread] DEBUG Input                - Registered new binding: Down1 - S
15:29:00.419 [JavaFX Application Thread] DEBUG Input                - Registered new binding: Up2 - I
15:29:00.420 [JavaFX Application Thread] DEBUG Input                - Registered new binding: Down2 - K
15:29:00.421 [JavaFX Application Thread] DEBUG FXGLAssetLoaderServi - Loading from file system: /assets/textures/fxgl_icon.png
15:29:00.462 [JavaFX Application Thread] DEBUG FXGLAssetLoaderServi - Loading from file system: /assets/ui/cursors/fxgl_default.png
15:29:00.469 [JavaFX Application Thread] DEBUG Input                - Registered new binding: Screenshot - P
15:29:00.471 [JavaFX Application Thread] DEBUG Input                - Registered new binding: System info dump - CTRL+9
15:29:00.472 [JavaFX Application Thread] DEBUG Input                - Registered new binding: Restart - CTRL+R
15:29:00.474 [JavaFX Application Thread] DEBUG Input                - Registered new binding: Toggle Debug Camera - CTRL+C
15:29:00.485 [JavaFX Application Thread] DEBUG LoopRunner           - Starting loop
15:29:00.488 [JavaFX Application Thread] DEBUG GameApplicationServi - Starting new game
15:29:00.490 [JavaFX Application Thread] DEBUG Input                - Clearing active input actions
15:29:00.514 [JavaFX Application Thread] DEBUG GameApplicationServi - Removing overlay from StartupScene and adding to FXGLLoadingScene
15:29:00.519 [JavaFX Application Thread] DEBUG MainWindow           - StartupScene -> FXGLLoadingScene
15:29:00.520 [JavaFX Application Thread] DEBUG GameApplicationServi - Clearing previous game
15:29:00.526 [JavaFX Application Thread] DEBUG GameScene            - Clearing game scene
15:29:00.528 [JavaFX Application Thread] DEBUG GameWorld            - Clearing game world
15:29:00.530 [JavaFX Application Thread] DEBUG PhysicsWorld         - Clearing physics world
15:29:00.533 [FXGL Background Thread 1 ] DEBUG FXGLApplication      - Initializing game
15:29:00.610 [FXGL Background Thread 1 ] DEBUG FXGLAssetLoaderServi - Loading from file system: /assets/ui/main.fxml
15:29:00.619 [Thread-3                 ] DEBUG TCPServer            - Starting to listen at: 55555 type: class java.lang.String
15:29:00.714 [FXGL Background Thread 1 ] INFO  FXGLApplication      - Game initialization took: 0.182 sec
15:29:00.751 [JavaFX Application Thread] DEBUG Input                - Clearing active input actions
15:29:00.791 [JavaFX Application Thread] DEBUG GameApplicationServi - Removing overlay from FXGLLoadingScene and adding to GameScene
15:29:00.797 [JavaFX Application Thread] DEBUG MainWindow           - FXGLLoadingScene -> GameScene
15:29:01.074 [FXGL Background Thread 4 ] DEBUG FXGLAssetLoaderServi - Loading from file system: /assets/ui/fonts/Abel-Regular.ttf
15:29:01.093 [FXGL Background Thread 4 ] DEBUG FXGLAssetLoaderServi - Loading from file system: /assets/ui/fonts/lucida_console.ttf
15:29:01.112 [FXGL Background Thread 4 ] DEBUG FXGLAssetLoaderServi - Loading from file system: /assets/ui/fonts/Courier-Prime.ttf
15:29:01.137 [JavaFX Application Thread] DEBUG FXGLApplication      - Registering font factories with UI factory
15:29:01.294 [FXGL Background Thread 2 ] WARN  UpdaterService       - Failed to find updates: javax.net.ssl.SSLHandshakeException: Received fatal alert: handshake_failure
15:29:03.366 [FXGL Background Thread 3 ] DEBUG Engine               - Logging environment variables
15:29:03.369 [FXGL Background Thread 3 ] DEBUG Engine               - achievements: []
15:29:03.371 [FXGL Background Thread 3 ] DEBUG Engine               - appIcon: fxgl_icon.png
15:29:03.372 [FXGL Background Thread 3 ] DEBUG Engine               - applicationMode: DEBUG
15:29:03.374 [FXGL Background Thread 3 ] DEBUG Engine               - cSSList: [fxgl_dark.css]
15:29:03.376 [FXGL Background Thread 3 ] DEBUG Engine               - configClass: Optional.empty
15:29:03.379 [FXGL Background Thread 3 ] DEBUG Engine               - credits: []
15:29:03.384 [FXGL Background Thread 3 ] DEBUG Engine               - devBBoxColorProperty: ObjectProperty [value: 0xff0000ff]
15:29:03.386 [FXGL Background Thread 3 ] DEBUG Engine               - devEnableDebugCameraProperty: BooleanProperty [value: false]
15:29:03.389 [FXGL Background Thread 3 ] DEBUG Engine               - devSensorColorProperty: ObjectProperty [value: 0xffff00ff]
15:29:03.393 [FXGL Background Thread 3 ] DEBUG Engine               - devShowBBoxProperty: BooleanProperty [value: false]
15:29:03.398 [FXGL Background Thread 3 ] DEBUG Engine               - devShowPositionProperty: BooleanProperty [value: false]
15:29:03.402 [FXGL Background Thread 3 ] DEBUG Engine               - enabledMenuItems: []
15:29:03.403 [FXGL Background Thread 3 ] DEBUG Engine               - engineServices: [class com.almasb.fxgl.app.FXGLApplication$GameApplicationService, class com.almasb.fxgl.app.services.FXGLDialogService, class com.almasb.fxgl.app.services.IOTaskExecutorService, class com.almasb.fxgl.event.EventBusService, class com.almasb.fxgl.io.FileSystemService, class com.almasb.fxgl.localization.LocalizationService, class com.almasb.fxgl.app.services.FXGLAssetLoaderService, class com.almasb.fxgl.app.services.SystemBundleService, class com.almasb.fxgl.profile.SaveLoadService, class com.almasb.fxgl.ui.FXGLUIFactoryServiceProvider, class com.almasb.fxgl.ui.FXGLDialogFactoryServiceProvider, class com.almasb.fxgl.audio.AudioPlayer, class com.almasb.fxgl.notification.impl.NotificationServiceProvider, class com.almasb.fxgl.achievement.AchievementService, class com.almasb.fxgl.cutscene.CutsceneService, class com.almasb.fxgl.minigames.MiniGameService, class com.almasb.fxgl.net.NetService, class com.almasb.fxgl.app.services.UpdaterService, class com.almasb.fxgl.dev.DevService]
15:29:03.405 [FXGL Background Thread 3 ] DEBUG Engine               - fontGame: Abel-Regular.ttf
15:29:03.405 [FXGL Background Thread 3 ] DEBUG Engine               - fontMono: lucida_console.ttf
15:29:03.407 [FXGL Background Thread 3 ] DEBUG Engine               - fontText: Courier-Prime.ttf
15:29:03.413 [FXGL Background Thread 3 ] DEBUG Engine               - fontUI: pong.ttf
15:29:03.414 [FXGL Background Thread 3 ] DEBUG Engine               - fullScreen: BooleanProperty [value: false]
15:29:03.414 [FXGL Background Thread 3 ] DEBUG Engine               - gameDifficulty: MEDIUM
15:29:03.415 [FXGL Background Thread 3 ] DEBUG Engine               - gameDifficultyProperty: ObjectProperty [value: MEDIUM]
15:29:03.418 [FXGL Background Thread 3 ] DEBUG Engine               - globalMusicVolume: 0.5
15:29:03.419 [FXGL Background Thread 3 ] DEBUG Engine               - globalMusicVolumeProperty: DoubleProperty [value: 0.5]
15:29:03.422 [FXGL Background Thread 3 ] DEBUG Engine               - globalSoundVolume: 0.5
15:29:03.424 [FXGL Background Thread 3 ] DEBUG Engine               - globalSoundVolumeProperty: DoubleProperty [value: 0.5]
15:29:03.427 [FXGL Background Thread 3 ] DEBUG Engine               - height: 600
15:29:03.431 [FXGL Background Thread 3 ] DEBUG Engine               - isAndroid: false
15:29:03.432 [FXGL Background Thread 3 ] DEBUG Engine               - isBrowser: false
15:29:03.432 [FXGL Background Thread 3 ] DEBUG Engine               - isClickFeedbackEnabled: false
15:29:03.433 [FXGL Background Thread 3 ] DEBUG Engine               - isCloseConfirmation: false
15:29:03.435 [FXGL Background Thread 3 ] DEBUG Engine               - isDesktop: true
15:29:03.437 [FXGL Background Thread 3 ] DEBUG Engine               - isDeveloperMenuEnabled: false
15:29:03.440 [FXGL Background Thread 3 ] DEBUG Engine               - isEntityPreloadEnabled: true
15:29:03.442 [FXGL Background Thread 3 ] DEBUG Engine               - isExperimentalNative: false
15:29:03.442 [FXGL Background Thread 3 ] DEBUG Engine               - isExperimentalTiledLargeMap: false
15:29:03.446 [FXGL Background Thread 3 ] DEBUG Engine               - isFileSystemWriteAllowed: true
15:29:03.447 [FXGL Background Thread 3 ] DEBUG Engine               - isFullScreenAllowed: false
15:29:03.450 [FXGL Background Thread 3 ] DEBUG Engine               - isFullScreenFromStart: false
15:29:03.451 [FXGL Background Thread 3 ] DEBUG Engine               - isGameMenuEnabled: true
15:29:03.452 [FXGL Background Thread 3 ] DEBUG Engine               - isIOS: false
15:29:03.453 [FXGL Background Thread 3 ] DEBUG Engine               - isIntroEnabled: false
15:29:03.453 [FXGL Background Thread 3 ] DEBUG Engine               - isLinux: false
15:29:03.457 [FXGL Background Thread 3 ] DEBUG Engine               - isMac: false
15:29:03.460 [FXGL Background Thread 3 ] DEBUG Engine               - isMainMenuEnabled: false
15:29:03.460 [FXGL Background Thread 3 ] DEBUG Engine               - isManualResizeEnabled: false
15:29:03.461 [FXGL Background Thread 3 ] DEBUG Engine               - isMobile: false
15:29:03.462 [FXGL Background Thread 3 ] DEBUG Engine               - isPreserveResizeRatio: false
15:29:03.463 [FXGL Background Thread 3 ] DEBUG Engine               - isProfilingEnabled: false
15:29:03.463 [FXGL Background Thread 3 ] DEBUG Engine               - isSingleStep: false
15:29:03.465 [FXGL Background Thread 3 ] DEBUG Engine               - isUserProfileEnabled: false
15:29:03.467 [FXGL Background Thread 3 ] DEBUG Engine               - isWindows: true
15:29:03.469 [FXGL Background Thread 3 ] DEBUG Engine               - language: ObjectProperty [value: ENGLISH]
15:29:03.470 [FXGL Background Thread 3 ] DEBUG Engine               - menuKey: ESCAPE
15:29:03.473 [FXGL Background Thread 3 ] DEBUG Engine               - notificationViewClass: class com.almasb.fxgl.notification.view.XboxNotificationView
15:29:03.478 [FXGL Background Thread 3 ] DEBUG Engine               - pixelsPerMeter: 50.0
15:29:03.480 [FXGL Background Thread 3 ] DEBUG Engine               - platform: WINDOWS
15:29:03.481 [FXGL Background Thread 3 ] DEBUG Engine               - profileDir: profiles/
15:29:03.482 [FXGL Background Thread 3 ] DEBUG Engine               - profileName: StringProperty [value: DEFAULT]
15:29:03.482 [FXGL Background Thread 3 ] DEBUG Engine               - randomSeed: -1
15:29:03.484 [FXGL Background Thread 3 ] DEBUG Engine               - runtimeInfo: RuntimeInfo(platform=WINDOWS, version=dev-SNAPSHOT, build=29.08.2020 12.19)
15:29:03.487 [FXGL Background Thread 3 ] DEBUG Engine               - saveFileExt: sav
15:29:03.492 [FXGL Background Thread 3 ] DEBUG Engine               - sceneFactory: com.almasb.fxgl.app.scene.SceneFactory@57b66dee
15:29:03.495 [FXGL Background Thread 3 ] DEBUG Engine               - secondsIn24h: 60
15:29:03.496 [FXGL Background Thread 3 ] DEBUG Engine               - soundMenuBack: menu/back.wav
15:29:03.497 [FXGL Background Thread 3 ] DEBUG Engine               - soundMenuPress: menu/press.wav
15:29:03.499 [FXGL Background Thread 3 ] DEBUG Engine               - soundMenuSelect: menu/select.wav
15:29:03.499 [FXGL Background Thread 3 ] DEBUG Engine               - soundNotification: core/notification.wav
15:29:03.500 [FXGL Background Thread 3 ] DEBUG Engine               - stageStyle: DECORATED
15:29:03.503 [FXGL Background Thread 3 ] DEBUG Engine               - supportedLanguages: [ENGLISH, FRENCH, GERMAN, HUNGARIAN, RUSSIAN]
15:29:03.508 [FXGL Background Thread 3 ] DEBUG Engine               - title: Pong
15:29:03.510 [FXGL Background Thread 3 ] DEBUG Engine               - urlGithub: https://github.com/AlmasB/FXGL
15:29:03.510 [FXGL Background Thread 3 ] DEBUG Engine               - urlLeaderboard: http://fxgl-top.herokuapp.com/
15:29:03.512 [FXGL Background Thread 3 ] DEBUG Engine               - urlPOM: https://raw.githubusercontent.com/AlmasB/FXGL/master/pom.xml
15:29:03.513 [FXGL Background Thread 3 ] DEBUG Engine               - version: 1.0
15:29:03.514 [FXGL Background Thread 3 ] DEBUG Engine               - versionCheckDays: 7
15:29:03.515 [FXGL Background Thread 3 ] DEBUG Engine               - width: 800
15:29:03.515 [FXGL Background Thread 3 ] DEBUG Engine               - Logging services
15:29:03.519 [FXGL Background Thread 3 ] DEBUG Engine               - class com.almasb.fxgl.app.FXGLApplication$GameApplicationService
15:29:03.522 [FXGL Background Thread 3 ] DEBUG Engine               - class com.almasb.fxgl.app.services.FXGLDialogService
15:29:03.524 [FXGL Background Thread 3 ] DEBUG Engine               - class com.almasb.fxgl.app.services.IOTaskExecutorService
15:29:03.527 [FXGL Background Thread 3 ] DEBUG Engine               - class com.almasb.fxgl.event.EventBusService
15:29:03.528 [FXGL Background Thread 3 ] DEBUG Engine               - class com.almasb.fxgl.io.FileSystemService
15:29:03.531 [FXGL Background Thread 3 ] DEBUG Engine               - class com.almasb.fxgl.localization.LocalizationService
15:29:03.535 [FXGL Background Thread 3 ] DEBUG Engine               - class com.almasb.fxgl.app.services.FXGLAssetLoaderService
15:29:03.542 [FXGL Background Thread 3 ] DEBUG Engine               - class com.almasb.fxgl.app.services.SystemBundleService
15:29:03.543 [FXGL Background Thread 3 ] DEBUG Engine               - class com.almasb.fxgl.profile.SaveLoadService
15:29:03.544 [FXGL Background Thread 3 ] DEBUG Engine               - class com.almasb.fxgl.ui.FXGLUIFactoryServiceProvider
15:29:03.549 [FXGL Background Thread 3 ] DEBUG Engine               - class com.almasb.fxgl.ui.FXGLDialogFactoryServiceProvider
15:29:03.555 [FXGL Background Thread 3 ] DEBUG Engine               - class com.almasb.fxgl.audio.AudioPlayer
15:29:03.556 [FXGL Background Thread 3 ] DEBUG Engine               - class com.almasb.fxgl.notification.impl.NotificationServiceProvider
15:29:03.558 [FXGL Background Thread 3 ] DEBUG Engine               - class com.almasb.fxgl.achievement.AchievementService
15:29:03.562 [FXGL Background Thread 3 ] DEBUG Engine               - class com.almasb.fxgl.cutscene.CutsceneService
15:29:03.563 [FXGL Background Thread 3 ] DEBUG Engine               - class com.almasb.fxgl.minigames.MiniGameService
15:29:03.564 [FXGL Background Thread 3 ] DEBUG Engine               - class com.almasb.fxgl.net.NetService
15:29:03.570 [FXGL Background Thread 3 ] DEBUG Engine               - class com.almasb.fxgl.app.services.UpdaterService
15:29:03.571 [FXGL Background Thread 3 ] DEBUG Engine               - class com.almasb.fxgl.dev.DevService
15:29:59.185 [Thread-3                 ] DEBUG Endpoint             - TCPServer opening new connection (1) from /127.0.0.1:57327 type: class java.lang.String
15:29:59.200 [Thread-3                 ] DEBUG Endpoint             - TCPServer successfully opened connection (1)
15:29:59.217 [TCPServer_SendThread-1   ] DEBUG Writers              - Getting MessageWriter for TCP-class java.lang.String
15:29:59.220 [TCPServer_RecvThread-1   ] DEBUG Readers              - Getting MessageReader for class java.lang.String
15:29:59.230 [TCPServer_SendThread-1   ] DEBUG Writers              - Constructed MessageWriter for class java.lang.String: 
15:29:59.231 [TCPServer_RecvThread-1   ] DEBUG Readers              - Constructed MessageReader for class java.lang.String: MessageReaderS
15:30:00.612 [Thread-3                 ] DEBUG Endpoint             - TCPServer opening new connection (2) from /127.0.0.1:57328 type: class java.lang.String
15:30:00.614 [Thread-3                 ] DEBUG Endpoint             - TCPServer successfully opened connection (2)
15:30:00.623 [TCPServer_SendThread-2   ] DEBUG Writers              - Getting MessageWriter for TCP-class java.lang.String
15:30:00.629 [TCPServer_SendThread-2   ] DEBUG Writers              - Constructed MessageWriter for class java.lang.String: 
15:30:00.646 [TCPServer_RecvThread-2   ] DEBUG Readers              - Constructed MessageReader for class java.lang.String: MessageReaderS
15:30:05.117 [JavaFX Application Thread] DEBUG Input                - Mocking key press: W
15:30:05.400 [JavaFX Application Thread] DEBUG Input                - Mocking key release: W
15:30:07.430 [JavaFX Application Thread] DEBUG Input                - Mocking key press: W
15:30:07.649 [JavaFX Application Thread] DEBUG Input                - Mocking key release: W
15:30:14.976 [JavaFX Application Thread] DEBUG Input                - Mocking key press: W
15:30:15.192 [JavaFX Application Thread] DEBUG Input                - Mocking key release: W
15:30:20.914 [JavaFX Application Thread] DEBUG Input                - Mocking key press: W
15:30:21.150 [JavaFX Application Thread] DEBUG Input                - Mocking key release: W
15:30:23.867 [JavaFX Application Thread] DEBUG Input                - Mocking key press: W
15:30:24.101 [JavaFX Application Thread] DEBUG Input                - Mocking key release: W
15:30:25.120 [JavaFX Application Thread] DEBUG Input                - Mocking key press: W
15:30:25.247 [JavaFX Application Thread] DEBUG Input                - Mocking key release: W
15:30:35.048 [JavaFX Application Thread] DEBUG FXGLApplication      - Exiting FXGL
15:30:35.049 [JavaFX Application Thread] DEBUG LoopRunner           - Stopping loop
15:30:35.050 [JavaFX Application Thread] DEBUG SystemBundleService  - Saving FXGL system data
15:30:35.052 [JavaFX Application Thread] DEBUG FileSystemAccess     - Writing to: C:\Users\r2leo\Documents\git\CI628-LW\server\bin\system\fxgl.bundle
15:30:35.056 [JavaFX Application Thread] DEBUG Async                - Shutting down background threads
15:30:35.057 [JavaFX Application Thread] DEBUG MainWindow           - Closing main window
15:30:35.079 [JavaFX Application Thread] DEBUG Logger               - Closing Logger
