15:25:50.699 [main                     ] DEBUG Logger               - Configured Logger
15:25:50.736 [main                     ] DEBUG GameApplication      - Logging settings
Title: Pong
Version: 1.0
Width: 800
Height: 600
Fullscreen: false
Intro: false
Profiling: false
Single step:false
App Mode: DEBUG
Menu Key: ESCAPE
Stage Style: DECORATED
Scene Factory: class com.almasb.fxgl.app.scene.SceneFactory

15:25:52.203 [JavaFX Application Thread] DEBUG FXGLApplication      - Initializing FXGL
15:25:52.211 [JavaFX Application Thread] INFO  Engine               - FXGL-dev-SNAPSHOT (29.08.2020 12.19) on WINDOWS (J:12 FX:14)
15:25:52.211 [JavaFX Application Thread] DEBUG Engine               - JRE Vendor Name: Oracle Corporation
15:25:52.212 [JavaFX Application Thread] DEBUG Engine               - Running on OS: Windows 10 version 10.0
15:25:52.212 [JavaFX Application Thread] DEBUG Engine               - Architecture: amd64
15:25:52.213 [JavaFX Application Thread] INFO  Engine               - Source code and latest versions at: https://github.com/AlmasB/FXGL
15:25:52.213 [JavaFX Application Thread] INFO  Engine               -              Join the FXGL chat at: https://gitter.im/AlmasB/FXGL
15:25:52.326 [JavaFX Application Thread] DEBUG MainWindow           - Creating a JavaFX scene
15:25:52.452 [JavaFX Application Thread] DEBUG MainWindow           - Target settings size: 800.0 x 600.0
15:25:52.453 [JavaFX Application Thread] DEBUG MainWindow           - Scaled scene size:    800.0 x 600.0
15:25:52.453 [JavaFX Application Thread] DEBUG MainWindow           - Scaled ratio: (1.0, 1.0)
15:25:52.455 [JavaFX Application Thread] DEBUG MainWindow           - Set initial scene to StartupScene
15:25:52.462 [JavaFX Application Thread] DEBUG MainWindow           - Opening main window
15:25:52.629 [JavaFX Application Thread] DEBUG MainWindow           - Window border size: (14.4000244140625, 37.5999755859375)
15:25:52.635 [JavaFX Application Thread] DEBUG MainWindow           - Scaled size: 800.0 x 600.0
15:25:52.636 [JavaFX Application Thread] DEBUG MainWindow           - Scaled ratio: (1.0, 1.0)
15:25:52.644 [JavaFX Application Thread] DEBUG MainWindow           - Scene size: 800.0 x 600.0
15:25:52.650 [JavaFX Application Thread] DEBUG MainWindow           - Stage size: 814.4000244140625 x 637.5999755859375
15:25:52.664 [FXGL Background Thread 1 ] DEBUG Engine               - Initializing environment variables
15:25:52.715 [FXGL Background Thread 1 ] DEBUG GameApplicationServi - Applying CSS: fxgl_dark.css
15:25:52.716 [FXGL Background Thread 1 ] DEBUG FXGLAssetLoaderServi - Loading from file system: /assets/ui/css/fxgl_dark.css
15:25:52.810 [FXGL Background Thread 1 ] DEBUG GameApplicationServi - Initializing application scenes
15:25:52.874 [FXGL Background Thread 1 ] DEBUG GameWorld            - Game world initialized
15:25:52.962 [FXGL Background Thread 1 ] DEBUG PhysicsWorld         - Physics world initialized: appHeight=600, physics.ppm=50.0
15:25:52.966 [FXGL Background Thread 1 ] DEBUG GameScene            - Game scene initialized: 800x600
15:25:52.999 [FXGL Background Thread 1 ] DEBUG FXGLAssetLoaderServi - Loading from file system: /assets/textures/particles/trace_horizontal.png
15:25:53.061 [FXGL Background Thread 1 ] DEBUG FXGL.DefaultMenu     - createMenuBodyGameMenu()
15:25:53.078 [FXGL Background Thread 1 ] DEBUG FXGL.DefaultMenu     - createOptionsMenu()
15:25:53.084 [FXGL Background Thread 1 ] DEBUG FXGLAssetLoaderServi - Loading from file system: /assets/textures/particles/smoke.png
15:25:53.161 [FXGL Background Thread 1 ] DEBUG GameApplicationServi - Application scenes initialized
15:25:53.198 [FXGL Background Thread 1 ] DEBUG SystemBundleService  - Loading default FXGL system data
15:25:53.199 [FXGL Background Thread 1 ] DEBUG UpdaterService       - Checking for updates
15:25:53.204 [FXGL Background Thread 4 ] DEBUG FXGLApplication      - Loading fonts
15:25:53.205 [FXGL Background Thread 1 ] DEBUG FXGLApplication      - Loading default localization
15:25:53.205 [FXGL Background Thread 4 ] DEBUG FXGLAssetLoaderServi - Loading from file system: /assets/ui/fonts/pong.ttf
15:25:53.206 [FXGL Background Thread 1 ] DEBUG FXGLAssetLoaderServi - Loading from file system: /assets/languages/english.lang
15:25:53.223 [FXGL Background Thread 1 ] INFO  FXGLApplication      - FXGL initialization took: 0.559 sec
15:25:53.238 [JavaFX Application Thread] DEBUG Input                - Registered new binding: Up1 - W
15:25:53.239 [JavaFX Application Thread] DEBUG Input                - Registered new binding: Down1 - S
15:25:53.240 [JavaFX Application Thread] DEBUG Input                - Registered new binding: Up2 - I
15:25:53.244 [JavaFX Application Thread] DEBUG Input                - Registered new binding: Down2 - K
15:25:53.245 [JavaFX Application Thread] DEBUG FXGLAssetLoaderServi - Loading from file system: /assets/textures/fxgl_icon.png
15:25:53.278 [JavaFX Application Thread] DEBUG FXGLAssetLoaderServi - Loading from file system: /assets/ui/cursors/fxgl_default.png
15:25:53.282 [JavaFX Application Thread] DEBUG Input                - Registered new binding: Screenshot - P
15:25:53.284 [JavaFX Application Thread] DEBUG Input                - Registered new binding: System info dump - CTRL+9
15:25:53.285 [JavaFX Application Thread] DEBUG Input                - Registered new binding: Restart - CTRL+R
15:25:53.286 [JavaFX Application Thread] DEBUG Input                - Registered new binding: Toggle Debug Camera - CTRL+C
15:25:53.289 [JavaFX Application Thread] DEBUG LoopRunner           - Starting loop
15:25:53.291 [JavaFX Application Thread] DEBUG GameApplicationServi - Starting new game
15:25:53.293 [JavaFX Application Thread] DEBUG Input                - Clearing active input actions
15:25:53.312 [JavaFX Application Thread] DEBUG GameApplicationServi - Removing overlay from StartupScene and adding to FXGLLoadingScene
15:25:53.313 [JavaFX Application Thread] DEBUG MainWindow           - StartupScene -> FXGLLoadingScene
15:25:53.318 [JavaFX Application Thread] DEBUG GameApplicationServi - Clearing previous game
15:25:53.319 [JavaFX Application Thread] DEBUG GameScene            - Clearing game scene
15:25:53.321 [JavaFX Application Thread] DEBUG GameWorld            - Clearing game world
15:25:53.323 [JavaFX Application Thread] DEBUG PhysicsWorld         - Clearing physics world
15:25:53.325 [FXGL Background Thread 1 ] DEBUG FXGLApplication      - Initializing game
15:25:53.395 [FXGL Background Thread 1 ] DEBUG FXGLAssetLoaderServi - Loading from file system: /assets/ui/main.fxml
15:25:53.403 [Thread-3                 ] DEBUG TCPServer            - Starting to listen at: 55555 type: class java.lang.String
15:25:53.503 [FXGL Background Thread 1 ] INFO  FXGLApplication      - Game initialization took: 0.178 sec
15:25:53.504 [JavaFX Application Thread] DEBUG Input                - Clearing active input actions
15:25:53.540 [JavaFX Application Thread] DEBUG GameApplicationServi - Removing overlay from FXGLLoadingScene and adding to GameScene
15:25:53.544 [JavaFX Application Thread] DEBUG MainWindow           - FXGLLoadingScene -> GameScene
15:25:53.840 [FXGL Background Thread 4 ] DEBUG FXGLAssetLoaderServi - Loading from file system: /assets/ui/fonts/Abel-Regular.ttf
15:25:53.889 [FXGL Background Thread 4 ] DEBUG FXGLAssetLoaderServi - Loading from file system: /assets/ui/fonts/lucida_console.ttf
15:25:53.925 [FXGL Background Thread 4 ] DEBUG FXGLAssetLoaderServi - Loading from file system: /assets/ui/fonts/Courier-Prime.ttf
15:25:53.952 [JavaFX Application Thread] DEBUG FXGLApplication      - Registering font factories with UI factory
15:25:54.238 [FXGL Background Thread 2 ] WARN  UpdaterService       - Failed to find updates: javax.net.ssl.SSLHandshakeException: Received fatal alert: handshake_failure
15:25:56.204 [FXGL Background Thread 3 ] DEBUG Engine               - Logging environment variables
15:25:56.206 [FXGL Background Thread 3 ] DEBUG Engine               - achievements: []
15:25:56.208 [FXGL Background Thread 3 ] DEBUG Engine               - appIcon: fxgl_icon.png
15:25:56.209 [FXGL Background Thread 3 ] DEBUG Engine               - applicationMode: DEBUG
15:25:56.212 [FXGL Background Thread 3 ] DEBUG Engine               - cSSList: [fxgl_dark.css]
15:25:56.212 [FXGL Background Thread 3 ] DEBUG Engine               - configClass: Optional.empty
15:25:56.214 [FXGL Background Thread 3 ] DEBUG Engine               - credits: []
15:25:56.222 [FXGL Background Thread 3 ] DEBUG Engine               - devBBoxColorProperty: ObjectProperty [value: 0xff0000ff]
15:25:56.226 [FXGL Background Thread 3 ] DEBUG Engine               - devEnableDebugCameraProperty: BooleanProperty [value: false]
15:25:56.229 [FXGL Background Thread 3 ] DEBUG Engine               - devSensorColorProperty: ObjectProperty [value: 0xffff00ff]
15:25:56.232 [FXGL Background Thread 3 ] DEBUG Engine               - devShowBBoxProperty: BooleanProperty [value: false]
15:25:56.233 [FXGL Background Thread 3 ] DEBUG Engine               - devShowPositionProperty: BooleanProperty [value: false]
15:25:56.239 [FXGL Background Thread 3 ] DEBUG Engine               - enabledMenuItems: []
15:25:56.242 [FXGL Background Thread 3 ] DEBUG Engine               - engineServices: [class com.almasb.fxgl.app.FXGLApplication$GameApplicationService, class com.almasb.fxgl.app.services.FXGLDialogService, class com.almasb.fxgl.app.services.IOTaskExecutorService, class com.almasb.fxgl.event.EventBusService, class com.almasb.fxgl.io.FileSystemService, class com.almasb.fxgl.localization.LocalizationService, class com.almasb.fxgl.app.services.FXGLAssetLoaderService, class com.almasb.fxgl.app.services.SystemBundleService, class com.almasb.fxgl.profile.SaveLoadService, class com.almasb.fxgl.ui.FXGLUIFactoryServiceProvider, class com.almasb.fxgl.ui.FXGLDialogFactoryServiceProvider, class com.almasb.fxgl.audio.AudioPlayer, class com.almasb.fxgl.notification.impl.NotificationServiceProvider, class com.almasb.fxgl.achievement.AchievementService, class com.almasb.fxgl.cutscene.CutsceneService, class com.almasb.fxgl.minigames.MiniGameService, class com.almasb.fxgl.net.NetService, class com.almasb.fxgl.app.services.UpdaterService, class com.almasb.fxgl.dev.DevService]
15:25:56.247 [FXGL Background Thread 3 ] DEBUG Engine               - fontGame: Abel-Regular.ttf
15:25:56.248 [FXGL Background Thread 3 ] DEBUG Engine               - fontMono: lucida_console.ttf
15:25:56.250 [FXGL Background Thread 3 ] DEBUG Engine               - fontText: Courier-Prime.ttf
15:25:56.256 [FXGL Background Thread 3 ] DEBUG Engine               - fontUI: pong.ttf
15:25:56.257 [FXGL Background Thread 3 ] DEBUG Engine               - fullScreen: BooleanProperty [value: false]
15:25:56.260 [FXGL Background Thread 3 ] DEBUG Engine               - gameDifficulty: MEDIUM
15:25:56.261 [FXGL Background Thread 3 ] DEBUG Engine               - gameDifficultyProperty: ObjectProperty [value: MEDIUM]
15:25:56.264 [FXGL Background Thread 3 ] DEBUG Engine               - globalMusicVolume: 0.5
15:25:56.264 [FXGL Background Thread 3 ] DEBUG Engine               - globalMusicVolumeProperty: DoubleProperty [value: 0.5]
15:25:56.270 [FXGL Background Thread 3 ] DEBUG Engine               - globalSoundVolume: 0.5
15:25:56.271 [FXGL Background Thread 3 ] DEBUG Engine               - globalSoundVolumeProperty: DoubleProperty [value: 0.5]
15:25:56.278 [FXGL Background Thread 3 ] DEBUG Engine               - height: 600
15:25:56.280 [FXGL Background Thread 3 ] DEBUG Engine               - isAndroid: false
15:25:56.283 [FXGL Background Thread 3 ] DEBUG Engine               - isBrowser: false
15:25:56.288 [FXGL Background Thread 3 ] DEBUG Engine               - isClickFeedbackEnabled: false
15:25:56.290 [FXGL Background Thread 3 ] DEBUG Engine               - isCloseConfirmation: false
15:25:56.291 [FXGL Background Thread 3 ] DEBUG Engine               - isDesktop: true
15:25:56.292 [FXGL Background Thread 3 ] DEBUG Engine               - isDeveloperMenuEnabled: false
15:25:56.293 [FXGL Background Thread 3 ] DEBUG Engine               - isEntityPreloadEnabled: true
15:25:56.295 [FXGL Background Thread 3 ] DEBUG Engine               - isExperimentalNative: false
15:25:56.295 [FXGL Background Thread 3 ] DEBUG Engine               - isExperimentalTiledLargeMap: false
15:25:56.302 [FXGL Background Thread 3 ] DEBUG Engine               - isFileSystemWriteAllowed: true
15:25:56.306 [FXGL Background Thread 3 ] DEBUG Engine               - isFullScreenAllowed: false
15:25:56.308 [FXGL Background Thread 3 ] DEBUG Engine               - isFullScreenFromStart: false
15:25:56.309 [FXGL Background Thread 3 ] DEBUG Engine               - isGameMenuEnabled: true
15:25:56.311 [FXGL Background Thread 3 ] DEBUG Engine               - isIOS: false
15:25:56.312 [FXGL Background Thread 3 ] DEBUG Engine               - isIntroEnabled: false
15:25:56.316 [FXGL Background Thread 3 ] DEBUG Engine               - isLinux: false
15:25:56.317 [FXGL Background Thread 3 ] DEBUG Engine               - isMac: false
15:25:56.323 [FXGL Background Thread 3 ] DEBUG Engine               - isMainMenuEnabled: false
15:25:56.324 [FXGL Background Thread 3 ] DEBUG Engine               - isManualResizeEnabled: false
15:25:56.325 [FXGL Background Thread 3 ] DEBUG Engine               - isMobile: false
15:25:56.326 [FXGL Background Thread 3 ] DEBUG Engine               - isPreserveResizeRatio: false
15:25:56.329 [FXGL Background Thread 3 ] DEBUG Engine               - isProfilingEnabled: false
15:25:56.330 [FXGL Background Thread 3 ] DEBUG Engine               - isSingleStep: false
15:25:56.336 [FXGL Background Thread 3 ] DEBUG Engine               - isUserProfileEnabled: false
15:25:56.338 [FXGL Background Thread 3 ] DEBUG Engine               - isWindows: true
15:25:56.340 [FXGL Background Thread 3 ] DEBUG Engine               - language: ObjectProperty [value: ENGLISH]
15:25:56.341 [FXGL Background Thread 3 ] DEBUG Engine               - menuKey: ESCAPE
15:25:56.342 [FXGL Background Thread 3 ] DEBUG Engine               - notificationViewClass: class com.almasb.fxgl.notification.view.XboxNotificationView
15:25:56.347 [FXGL Background Thread 3 ] DEBUG Engine               - pixelsPerMeter: 50.0
15:25:56.351 [FXGL Background Thread 3 ] DEBUG Engine               - platform: WINDOWS
15:25:56.352 [FXGL Background Thread 3 ] DEBUG Engine               - profileDir: profiles/
15:25:56.353 [FXGL Background Thread 3 ] DEBUG Engine               - profileName: StringProperty [value: DEFAULT]
15:25:56.353 [FXGL Background Thread 3 ] DEBUG Engine               - randomSeed: -1
15:25:56.354 [FXGL Background Thread 3 ] DEBUG Engine               - runtimeInfo: RuntimeInfo(platform=WINDOWS, version=dev-SNAPSHOT, build=29.08.2020 12.19)
15:25:56.356 [FXGL Background Thread 3 ] DEBUG Engine               - saveFileExt: sav
15:25:56.358 [FXGL Background Thread 3 ] DEBUG Engine               - sceneFactory: com.almasb.fxgl.app.scene.SceneFactory@3699ea97
15:25:56.362 [FXGL Background Thread 3 ] DEBUG Engine               - secondsIn24h: 60
15:25:56.366 [FXGL Background Thread 3 ] DEBUG Engine               - soundMenuBack: menu/back.wav
15:25:56.367 [FXGL Background Thread 3 ] DEBUG Engine               - soundMenuPress: menu/press.wav
15:25:56.369 [FXGL Background Thread 3 ] DEBUG Engine               - soundMenuSelect: menu/select.wav
15:25:56.371 [FXGL Background Thread 3 ] DEBUG Engine               - soundNotification: core/notification.wav
15:25:56.372 [FXGL Background Thread 3 ] DEBUG Engine               - stageStyle: DECORATED
15:25:56.377 [FXGL Background Thread 3 ] DEBUG Engine               - supportedLanguages: [ENGLISH, FRENCH, GERMAN, HUNGARIAN, RUSSIAN]
15:25:56.384 [FXGL Background Thread 3 ] DEBUG Engine               - title: Pong
15:25:56.386 [FXGL Background Thread 3 ] DEBUG Engine               - urlGithub: https://github.com/AlmasB/FXGL
15:25:56.387 [FXGL Background Thread 3 ] DEBUG Engine               - urlLeaderboard: http://fxgl-top.herokuapp.com/
15:25:56.388 [FXGL Background Thread 3 ] DEBUG Engine               - urlPOM: https://raw.githubusercontent.com/AlmasB/FXGL/master/pom.xml
15:25:56.389 [FXGL Background Thread 3 ] DEBUG Engine               - version: 1.0
15:25:56.392 [FXGL Background Thread 3 ] DEBUG Engine               - versionCheckDays: 7
15:25:56.393 [FXGL Background Thread 3 ] DEBUG Engine               - width: 800
15:25:56.400 [FXGL Background Thread 3 ] DEBUG Engine               - Logging services
15:25:56.402 [FXGL Background Thread 3 ] DEBUG Engine               - class com.almasb.fxgl.app.FXGLApplication$GameApplicationService
15:25:56.406 [FXGL Background Thread 3 ] DEBUG Engine               - class com.almasb.fxgl.app.services.FXGLDialogService
15:25:56.415 [FXGL Background Thread 3 ] DEBUG Engine               - class com.almasb.fxgl.app.services.IOTaskExecutorService
15:25:56.417 [FXGL Background Thread 3 ] DEBUG Engine               - class com.almasb.fxgl.event.EventBusService
15:25:56.425 [FXGL Background Thread 3 ] DEBUG Engine               - class com.almasb.fxgl.io.FileSystemService
15:25:56.431 [FXGL Background Thread 3 ] DEBUG Engine               - class com.almasb.fxgl.localization.LocalizationService
15:25:56.434 [FXGL Background Thread 3 ] DEBUG Engine               - class com.almasb.fxgl.app.services.FXGLAssetLoaderService
15:25:56.435 [FXGL Background Thread 3 ] DEBUG Engine               - class com.almasb.fxgl.app.services.SystemBundleService
15:25:56.439 [FXGL Background Thread 3 ] DEBUG Engine               - class com.almasb.fxgl.profile.SaveLoadService
15:25:56.443 [FXGL Background Thread 3 ] DEBUG Engine               - class com.almasb.fxgl.ui.FXGLUIFactoryServiceProvider
15:25:56.448 [FXGL Background Thread 3 ] DEBUG Engine               - class com.almasb.fxgl.ui.FXGLDialogFactoryServiceProvider
15:25:56.450 [FXGL Background Thread 3 ] DEBUG Engine               - class com.almasb.fxgl.audio.AudioPlayer
15:25:56.452 [FXGL Background Thread 3 ] DEBUG Engine               - class com.almasb.fxgl.notification.impl.NotificationServiceProvider
15:25:56.462 [FXGL Background Thread 3 ] DEBUG Engine               - class com.almasb.fxgl.achievement.AchievementService
15:25:56.464 [FXGL Background Thread 3 ] DEBUG Engine               - class com.almasb.fxgl.cutscene.CutsceneService
15:25:56.466 [FXGL Background Thread 3 ] DEBUG Engine               - class com.almasb.fxgl.minigames.MiniGameService
15:25:56.467 [FXGL Background Thread 3 ] DEBUG Engine               - class com.almasb.fxgl.net.NetService
15:25:56.468 [FXGL Background Thread 3 ] DEBUG Engine               - class com.almasb.fxgl.app.services.UpdaterService
15:25:56.471 [FXGL Background Thread 3 ] DEBUG Engine               - class com.almasb.fxgl.dev.DevService
15:26:10.075 [Thread-3                 ] DEBUG Endpoint             - TCPServer opening new connection (1) from /127.0.0.1:57295 type: class java.lang.String
15:26:10.082 [Thread-3                 ] DEBUG Endpoint             - TCPServer successfully opened connection (1)
15:26:10.088 [TCPServer_SendThread-1   ] DEBUG Writers              - Getting MessageWriter for TCP-class java.lang.String
15:26:10.091 [TCPServer_SendThread-1   ] DEBUG Writers              - Constructed MessageWriter for class java.lang.String: 
15:26:10.093 [TCPServer_RecvThread-1   ] DEBUG Readers              - Getting MessageReader for class java.lang.String
15:26:10.108 [TCPServer_RecvThread-1   ] DEBUG Readers              - Constructed MessageReader for class java.lang.String: MessageReaderS
15:26:13.233 [JavaFX Application Thread] DEBUG Input                - Mocking key press: W
15:26:13.644 [JavaFX Application Thread] DEBUG Input                - Mocking key release: W
15:26:14.911 [JavaFX Application Thread] DEBUG Input                - Mocking key press: W
15:26:15.090 [JavaFX Application Thread] DEBUG Input                - Mocking key release: W
15:26:31.231 [JavaFX Application Thread] DEBUG FXGLApplication      - Exiting FXGL
15:26:31.232 [JavaFX Application Thread] DEBUG LoopRunner           - Stopping loop
15:26:31.233 [JavaFX Application Thread] DEBUG SystemBundleService  - Saving FXGL system data
15:26:31.239 [JavaFX Application Thread] DEBUG FileSystemAccess     - Writing to: C:\Users\r2leo\Documents\git\CI628-LW\server\bin\system\fxgl.bundle
15:26:31.258 [JavaFX Application Thread] DEBUG Async                - Shutting down background threads
15:26:31.259 [JavaFX Application Thread] DEBUG MainWindow           - Closing main window
15:26:31.283 [JavaFX Application Thread] DEBUG Logger               - Closing Logger
